<?xml version="1.0" encoding="UTF-8"?>
<!-- Generated by org.testng.reporters.JUnitReportReporter -->
<testsuite hostname="LAPTOP-GQ2D66KP" failures="0" tests="1" name="SignUpProcess" time="0.007" errors="0" timestamp="2023-10-23T10:40:40 EET" skipped="0">
  <testcase classname="SignUpProcess" name="myTest" time="0.007"/>
  <system-out/>
</testsuite> <!-- SignUpProcess -->
